<?xml version="1.0" encoding="UTF-8"?>
<!-- Generated by org.testng.reporters.JUnitXMLReporter -->
<testsuite hostname="SuryaPC" ignored="14" name="include and exclude test" tests="5" failures="1" timestamp="10 Sep 2019 03:18:39 GMT" time="37.694" errors="0">
  <testcase name="adminLogin" time="1.341" classname="banking.primusbank.TestExecution"/>
  <testcase name="roleCreationReset" time="1.558" classname="banking.primusbank.TestExecution"/>
  <testcase name="branchCreationReset" time="2.35" classname="banking.primusbank.TestExecution"/>
  <testcase name="employeeCreationWithReset" time="17.175" classname="banking.primusbank.TestExecution">
    <failure type="org.openqa.selenium.NoSuchElementException" message="Cannot locate element with text: manager
For documentation on this error, please visit: https://www.seleniumhq.org/exceptions/no_such_element.html
Build info: version: &amp;apos;3.141.59&amp;apos;, revision: &amp;apos;e82be7d358&amp;apos;, time: &amp;apos;2018-11-14T08:17:03&amp;apos;
System info: host: &amp;apos;SURYAPC&amp;apos;, ip: &amp;apos;10.0.75.1&amp;apos;, os.name: &amp;apos;Windows 10&amp;apos;, os.arch: &amp;apos;amd64&amp;apos;, os.version: &amp;apos;10.0&amp;apos;, java.version: &amp;apos;1.8.0_201&amp;apos;
Driver info: driver.version: unknown">
      <![CDATA[org.openqa.selenium.NoSuchElementException: Cannot locate element with text: manager
For documentation on this error, please visit: https://www.seleniumhq.org/exceptions/no_such_element.html
Build info: version: '3.141.59', revision: 'e82be7d358', time: '2018-11-14T08:17:03'
System info: host: 'SURYAPC', ip: '10.0.75.1', os.name: 'Windows 10', os.arch: 'amd64', os.version: '10.0', java.version: '1.8.0_201'
Driver info: driver.version: unknown
at org.openqa.selenium.support.ui.Select.selectByVisibleText(Select.java:147)
at banking.primusbank.EmployeeCreationPage.selectRole(EmployeeCreationPage.java:63)
at banking.primusbank.TestExecution.employeeCreationWithReset(TestExecution.java:204)
... Removed 29 stack frames]]>
    </failure>
  </testcase> <!-- employeeCreationWithReset -->
  <testcase name="logout" time="0.395" classname="banking.primusbank.TestExecution"/>
  <testcase name="roleCreationResetWithDP" time="0.0" classname="banking.primusbank.TestExecution">
    <ignored/>
  </testcase> <!-- roleCreationResetWithDP -->
  <testcase name="roleCreationWithDuplicateData" time="0.0" classname="banking.primusbank.TestExecution">
    <ignored/>
  </testcase> <!-- roleCreationWithDuplicateData -->
  <testcase name="roleCreationWithValidData" time="0.0" classname="banking.primusbank.TestExecution">
    <ignored/>
  </testcase> <!-- roleCreationWithValidData -->
  <testcase name="employeeCreationCancel" time="0.0" classname="banking.primusbank.TestExecution">
    <ignored/>
  </testcase> <!-- employeeCreationCancel -->
  <testcase name="roleCreationWithBlankData" time="0.0" classname="banking.primusbank.TestExecution">
    <ignored/>
  </testcase> <!-- roleCreationWithBlankData -->
  <testcase name="employeeCreationBlankData" time="0.0" classname="banking.primusbank.TestExecution">
    <ignored/>
  </testcase> <!-- employeeCreationBlankData -->
  <testcase name="employeeCreationWithValidData" time="0.0" classname="banking.primusbank.TestExecution">
    <ignored/>
  </testcase> <!-- employeeCreationWithValidData -->
  <testcase name="employeeCreationWithDuplicateData" time="0.0" classname="banking.primusbank.TestExecution">
    <ignored/>
  </testcase> <!-- employeeCreationWithDuplicateData -->
  <testcase name="roleCreationCancel" time="0.0" classname="banking.primusbank.TestExecution">
    <ignored/>
  </testcase> <!-- roleCreationCancel -->
  <testcase name="branchCreationDuplicateDate" time="0.0" classname="banking.primusbank.TestExecution">
    <ignored/>
  </testcase> <!-- branchCreationDuplicateDate -->
  <testcase name="branchCreationCancel" time="0.0" classname="banking.primusbank.TestExecution">
    <ignored/>
  </testcase> <!-- branchCreationCancel -->
  <testcase name="branchCreationBlankData" time="0.0" classname="banking.primusbank.TestExecution">
    <ignored/>
  </testcase> <!-- branchCreationBlankData -->
  <testcase name="branchCreationWithValidData" time="0.0" classname="banking.primusbank.TestExecution">
    <ignored/>
  </testcase> <!-- branchCreationWithValidData -->
  <testcase name="employeeCreationResetWithDP" time="0.0" classname="banking.primusbank.TestExecution">
    <ignored/>
  </testcase> <!-- employeeCreationResetWithDP -->
</testsuite> <!-- include and exclude test -->
